2014-12-18T22:00:06+00:00 ERR (3): 
exception 'PDOException' with message 'SQLSTATE[HY000] [1049] Unknown database 'magentolite'' in C:\wamp\www\magento-lite\lib\Zend\Db\Adapter\Pdo\Abstract.php:129
Stack trace:
#0 C:\wamp\www\magento-lite\lib\Zend\Db\Adapter\Pdo\Abstract.php(129): PDO->__construct('mysql:host=loca...', 'root', '', Array)
#1 C:\wamp\www\magento-lite\lib\Zend\Db\Adapter\Pdo\Mysql.php(96): Zend_Db_Adapter_Pdo_Abstract->_connect()
#2 C:\wamp\www\magento-lite\lib\Varien\Db\Adapter\Pdo\Mysql.php(320): Zend_Db_Adapter_Pdo_Mysql->_connect()
#3 C:\wamp\www\magento-lite\lib\Zend\Db\Adapter\Abstract.php(459): Varien_Db_Adapter_Pdo_Mysql->_connect()
#4 C:\wamp\www\magento-lite\lib\Zend\Db\Adapter\Pdo\Abstract.php(238): Zend_Db_Adapter_Abstract->query('SELECT VERSION(...', Array)
#5 C:\wamp\www\magento-lite\lib\Varien\Db\Adapter\Pdo\Mysql.php(428): Zend_Db_Adapter_Pdo_Abstract->query('SELECT VERSION(...', Array)
#6 C:\wamp\www\magento-lite\lib\Zend\Db\Adapter\Abstract.php(825): Varien_Db_Adapter_Pdo_Mysql->query('SELECT VERSION(...', Array)
#7 C:\wamp\www\magento-lite\app\code\core\Mage\Install\Model\Installer\Db\Mysql4.php(45): Zend_Db_Adapter_Abstract->fetchOne('SELECT VERSION(...')
#8 C:\wamp\www\magento-lite\app\code\core\Mage\Install\Model\Installer\Db.php(75): Mage_Install_Model_Installer_Db_Mysql4->getVersion()
#9 C:\wamp\www\magento-lite\app\code\core\Mage\Install\Model\Installer.php(146): Mage_Install_Model_Installer_Db->checkDbConnectionData(Array)
#10 C:\wamp\www\magento-lite\app\code\core\Mage\Install\controllers\WizardController.php(324): Mage_Install_Model_Installer->installConfig(Array)
#11 C:\wamp\www\magento-lite\app\code\core\Mage\Core\Controller\Varien\Action.php(418): Mage_Install_WizardController->configPostAction()
#12 C:\wamp\www\magento-lite\app\code\core\Mage\Core\Controller\Varien\Router\Standard.php(250): Mage_Core_Controller_Varien_Action->dispatch('configPost')
#13 C:\wamp\www\magento-lite\app\code\core\Mage\Core\Controller\Varien\Front.php(172): Mage_Core_Controller_Varien_Router_Standard->match(Object(Mage_Core_Controller_Request_Http))
#14 C:\wamp\www\magento-lite\app\code\core\Mage\Core\Model\App.php(354): Mage_Core_Controller_Varien_Front->dispatch()
#15 C:\wamp\www\magento-lite\app\Mage.php(684): Mage_Core_Model_App->run(Array)
#16 C:\wamp\www\magento-lite\index.php(87): Mage::run('', 'store')
#17 {main}

Next exception 'Zend_Db_Adapter_Exception' with message 'SQLSTATE[HY000] [1049] Unknown database 'magentolite'' in C:\wamp\www\magento-lite\lib\Zend\Db\Adapter\Pdo\Abstract.php:144
Stack trace:
#0 C:\wamp\www\magento-lite\lib\Zend\Db\Adapter\Pdo\Mysql.php(96): Zend_Db_Adapter_Pdo_Abstract->_connect()
#1 C:\wamp\www\magento-lite\lib\Varien\Db\Adapter\Pdo\Mysql.php(320): Zend_Db_Adapter_Pdo_Mysql->_connect()
#2 C:\wamp\www\magento-lite\lib\Zend\Db\Adapter\Abstract.php(459): Varien_Db_Adapter_Pdo_Mysql->_connect()
#3 C:\wamp\www\magento-lite\lib\Zend\Db\Adapter\Pdo\Abstract.php(238): Zend_Db_Adapter_Abstract->query('SELECT VERSION(...', Array)
#4 C:\wamp\www\magento-lite\lib\Varien\Db\Adapter\Pdo\Mysql.php(428): Zend_Db_Adapter_Pdo_Abstract->query('SELECT VERSION(...', Array)
#5 C:\wamp\www\magento-lite\lib\Zend\Db\Adapter\Abstract.php(825): Varien_Db_Adapter_Pdo_Mysql->query('SELECT VERSION(...', Array)
#6 C:\wamp\www\magento-lite\app\code\core\Mage\Install\Model\Installer\Db\Mysql4.php(45): Zend_Db_Adapter_Abstract->fetchOne('SELECT VERSION(...')
#7 C:\wamp\www\magento-lite\app\code\core\Mage\Install\Model\Installer\Db.php(75): Mage_Install_Model_Installer_Db_Mysql4->getVersion()
#8 C:\wamp\www\magento-lite\app\code\core\Mage\Install\Model\Installer.php(146): Mage_Install_Model_Installer_Db->checkDbConnectionData(Array)
#9 C:\wamp\www\magento-lite\app\code\core\Mage\Install\controllers\WizardController.php(324): Mage_Install_Model_Installer->installConfig(Array)
#10 C:\wamp\www\magento-lite\app\code\core\Mage\Core\Controller\Varien\Action.php(418): Mage_Install_WizardController->configPostAction()
#11 C:\wamp\www\magento-lite\app\code\core\Mage\Core\Controller\Varien\Router\Standard.php(250): Mage_Core_Controller_Varien_Action->dispatch('configPost')
#12 C:\wamp\www\magento-lite\app\code\core\Mage\Core\Controller\Varien\Front.php(172): Mage_Core_Controller_Varien_Router_Standard->match(Object(Mage_Core_Controller_Request_Http))
#13 C:\wamp\www\magento-lite\app\code\core\Mage\Core\Model\App.php(354): Mage_Core_Controller_Varien_Front->dispatch()
#14 C:\wamp\www\magento-lite\app\Mage.php(684): Mage_Core_Model_App->run(Array)
#15 C:\wamp\www\magento-lite\index.php(87): Mage::run('', 'store')
#16 {main}
2014-12-20T12:03:41+00:00 DEBUG (7): Exception message: package with this name does not exist and cannot be set.
Trace: #0 C:\wamp\www\magento-lite\app\code\core\Mage\Core\Model\Abstract.php(316): Mage_Adminhtml_Model_System_Config_Backend_Design_Package->_beforeSave()
#1 C:\wamp\www\magento-lite\app\code\core\Mage\Core\Model\Resource\Transaction.php(151): Mage_Core_Model_Abstract->save()
#2 C:\wamp\www\magento-lite\app\code\core\Mage\Adminhtml\Model\Config\Data.php(206): Mage_Core_Model_Resource_Transaction->save()
#3 C:\wamp\www\magento-lite\app\code\core\Mage\Adminhtml\controllers\System\ConfigController.php(165): Mage_Adminhtml_Model_Config_Data->save()
#4 C:\wamp\www\magento-lite\app\code\core\Mage\Core\Controller\Varien\Action.php(418): Mage_Adminhtml_System_ConfigController->saveAction()
#5 C:\wamp\www\magento-lite\app\code\core\Mage\Core\Controller\Varien\Router\Standard.php(250): Mage_Core_Controller_Varien_Action->dispatch('save')
#6 C:\wamp\www\magento-lite\app\code\core\Mage\Core\Controller\Varien\Front.php(172): Mage_Core_Controller_Varien_Router_Standard->match(Object(Mage_Core_Controller_Request_Http))
#7 C:\wamp\www\magento-lite\app\code\core\Mage\Core\Model\App.php(354): Mage_Core_Controller_Varien_Front->dispatch()
#8 C:\wamp\www\magento-lite\app\Mage.php(684): Mage_Core_Model_App->run(Array)
#9 C:\wamp\www\magento-lite\index.php(87): Mage::run('', 'store')
#10 {main}
2014-12-20T17:19:25+00:00 ERR (3): 
exception 'Mage_Core_Exception' with message 'Invalid block type: Account_User_Block_User' in C:\wamp\www\magento-lite\app\Mage.php:595
Stack trace:
#0 C:\wamp\www\magento-lite\app\code\core\Mage\Core\Model\Layout.php(495): Mage::throwException('Invalid block t...')
#1 C:\wamp\www\magento-lite\app\code\core\Mage\Core\Model\Layout.php(437): Mage_Core_Model_Layout->_getBlockInstance('user/user', Array)
#2 C:\wamp\www\magento-lite\app\code\core\Mage\Core\Model\Layout.php(472): Mage_Core_Model_Layout->createBlock('user/user', 'user')
#3 C:\wamp\www\magento-lite\app\code\core\Mage\Core\Model\Layout.php(239): Mage_Core_Model_Layout->addBlock('user/user', 'user')
#4 C:\wamp\www\magento-lite\app\code\core\Mage\Core\Model\Layout.php(205): Mage_Core_Model_Layout->_generateBlock(Object(Mage_Core_Model_Layout_Element), Object(Mage_Core_Model_Layout_Element))
#5 C:\wamp\www\magento-lite\app\code\core\Mage\Core\Model\Layout.php(210): Mage_Core_Model_Layout->generateBlocks(Object(Mage_Core_Model_Layout_Element))
#6 C:\wamp\www\magento-lite\app\code\core\Mage\Core\Controller\Varien\Action.php(344): Mage_Core_Model_Layout->generateBlocks()
#7 C:\wamp\www\magento-lite\app\code\core\Mage\Core\Controller\Varien\Action.php(269): Mage_Core_Controller_Varien_Action->generateLayoutBlocks()
#8 C:\wamp\www\magento-lite\app\code\local\Account\User\controllers\IndexController.php(6): Mage_Core_Controller_Varien_Action->loadLayout()
#9 C:\wamp\www\magento-lite\app\code\core\Mage\Core\Controller\Varien\Action.php(418): Account_User_IndexController->indexAction()
#10 C:\wamp\www\magento-lite\app\code\core\Mage\Core\Controller\Varien\Router\Standard.php(250): Mage_Core_Controller_Varien_Action->dispatch('index')
#11 C:\wamp\www\magento-lite\app\code\core\Mage\Core\Controller\Varien\Front.php(172): Mage_Core_Controller_Varien_Router_Standard->match(Object(Mage_Core_Controller_Request_Http))
#12 C:\wamp\www\magento-lite\app\code\core\Mage\Core\Model\App.php(354): Mage_Core_Controller_Varien_Front->dispatch()
#13 C:\wamp\www\magento-lite\app\Mage.php(684): Mage_Core_Model_App->run(Array)
#14 C:\wamp\www\magento-lite\index.php(87): Mage::run('', 'store')
#15 {main}
2014-12-20T17:24:54+00:00 ERR (3): 
exception 'Mage_Core_Exception' with message 'Invalid block type: Account_User_Block_User' in C:\wamp\www\magento-lite\app\Mage.php:595
Stack trace:
#0 C:\wamp\www\magento-lite\app\code\core\Mage\Core\Model\Layout.php(495): Mage::throwException('Invalid block t...')
#1 C:\wamp\www\magento-lite\app\code\core\Mage\Core\Model\Layout.php(437): Mage_Core_Model_Layout->_getBlockInstance('user/user', Array)
#2 C:\wamp\www\magento-lite\app\code\core\Mage\Core\Model\Layout.php(472): Mage_Core_Model_Layout->createBlock('user/user', 'user')
#3 C:\wamp\www\magento-lite\app\code\core\Mage\Core\Model\Layout.php(239): Mage_Core_Model_Layout->addBlock('user/user', 'user')
#4 C:\wamp\www\magento-lite\app\code\core\Mage\Core\Model\Layout.php(205): Mage_Core_Model_Layout->_generateBlock(Object(Mage_Core_Model_Layout_Element), Object(Mage_Core_Model_Layout_Element))
#5 C:\wamp\www\magento-lite\app\code\core\Mage\Core\Model\Layout.php(210): Mage_Core_Model_Layout->generateBlocks(Object(Mage_Core_Model_Layout_Element))
#6 C:\wamp\www\magento-lite\app\code\core\Mage\Core\Controller\Varien\Action.php(344): Mage_Core_Model_Layout->generateBlocks()
#7 C:\wamp\www\magento-lite\app\code\core\Mage\Core\Controller\Varien\Action.php(269): Mage_Core_Controller_Varien_Action->generateLayoutBlocks()
#8 C:\wamp\www\magento-lite\app\code\local\Account\User\controllers\IndexController.php(6): Mage_Core_Controller_Varien_Action->loadLayout()
#9 C:\wamp\www\magento-lite\app\code\core\Mage\Core\Controller\Varien\Action.php(418): Account_User_IndexController->indexAction()
#10 C:\wamp\www\magento-lite\app\code\core\Mage\Core\Controller\Varien\Router\Standard.php(250): Mage_Core_Controller_Varien_Action->dispatch('index')
#11 C:\wamp\www\magento-lite\app\code\core\Mage\Core\Controller\Varien\Front.php(172): Mage_Core_Controller_Varien_Router_Standard->match(Object(Mage_Core_Controller_Request_Http))
#12 C:\wamp\www\magento-lite\app\code\core\Mage\Core\Model\App.php(354): Mage_Core_Controller_Varien_Front->dispatch()
#13 C:\wamp\www\magento-lite\app\Mage.php(684): Mage_Core_Model_App->run(Array)
#14 C:\wamp\www\magento-lite\index.php(87): Mage::run('', 'store')
#15 {main}
2014-12-20T17:25:37+00:00 ERR (3): 
exception 'Mage_Core_Exception' with message 'Invalid block type: Account_User_Block_User' in C:\wamp\www\magento-lite\app\Mage.php:595
Stack trace:
#0 C:\wamp\www\magento-lite\app\code\core\Mage\Core\Model\Layout.php(495): Mage::throwException('Invalid block t...')
#1 C:\wamp\www\magento-lite\app\code\core\Mage\Core\Model\Layout.php(437): Mage_Core_Model_Layout->_getBlockInstance('user/user', Array)
#2 C:\wamp\www\magento-lite\app\code\core\Mage\Core\Model\Layout.php(472): Mage_Core_Model_Layout->createBlock('user/user', 'user')
#3 C:\wamp\www\magento-lite\app\code\core\Mage\Core\Model\Layout.php(239): Mage_Core_Model_Layout->addBlock('user/user', 'user')
#4 C:\wamp\www\magento-lite\app\code\core\Mage\Core\Model\Layout.php(205): Mage_Core_Model_Layout->_generateBlock(Object(Mage_Core_Model_Layout_Element), Object(Mage_Core_Model_Layout_Element))
#5 C:\wamp\www\magento-lite\app\code\core\Mage\Core\Model\Layout.php(210): Mage_Core_Model_Layout->generateBlocks(Object(Mage_Core_Model_Layout_Element))
#6 C:\wamp\www\magento-lite\app\code\core\Mage\Core\Controller\Varien\Action.php(344): Mage_Core_Model_Layout->generateBlocks()
#7 C:\wamp\www\magento-lite\app\code\core\Mage\Core\Controller\Varien\Action.php(269): Mage_Core_Controller_Varien_Action->generateLayoutBlocks()
#8 C:\wamp\www\magento-lite\app\code\local\Account\User\controllers\IndexController.php(6): Mage_Core_Controller_Varien_Action->loadLayout()
#9 C:\wamp\www\magento-lite\app\code\core\Mage\Core\Controller\Varien\Action.php(418): Account_User_IndexController->indexAction()
#10 C:\wamp\www\magento-lite\app\code\core\Mage\Core\Controller\Varien\Router\Standard.php(250): Mage_Core_Controller_Varien_Action->dispatch('index')
#11 C:\wamp\www\magento-lite\app\code\core\Mage\Core\Controller\Varien\Front.php(172): Mage_Core_Controller_Varien_Router_Standard->match(Object(Mage_Core_Controller_Request_Http))
#12 C:\wamp\www\magento-lite\app\code\core\Mage\Core\Model\App.php(354): Mage_Core_Controller_Varien_Front->dispatch()
#13 C:\wamp\www\magento-lite\app\Mage.php(684): Mage_Core_Model_App->run(Array)
#14 C:\wamp\www\magento-lite\index.php(87): Mage::run('', 'store')
#15 {main}
2014-12-20T17:26:24+00:00 ERR (3): 
exception 'Mage_Core_Exception' with message 'Invalid block type: Account_User_Block_User' in C:\wamp\www\magento-lite\app\Mage.php:595
Stack trace:
#0 C:\wamp\www\magento-lite\app\code\core\Mage\Core\Model\Layout.php(495): Mage::throwException('Invalid block t...')
#1 C:\wamp\www\magento-lite\app\code\core\Mage\Core\Model\Layout.php(437): Mage_Core_Model_Layout->_getBlockInstance('user/user', Array)
#2 C:\wamp\www\magento-lite\app\code\core\Mage\Core\Model\Layout.php(472): Mage_Core_Model_Layout->createBlock('user/user', 'user')
#3 C:\wamp\www\magento-lite\app\code\core\Mage\Core\Model\Layout.php(239): Mage_Core_Model_Layout->addBlock('user/user', 'user')
#4 C:\wamp\www\magento-lite\app\code\core\Mage\Core\Model\Layout.php(205): Mage_Core_Model_Layout->_generateBlock(Object(Mage_Core_Model_Layout_Element), Object(Mage_Core_Model_Layout_Element))
#5 C:\wamp\www\magento-lite\app\code\core\Mage\Core\Model\Layout.php(210): Mage_Core_Model_Layout->generateBlocks(Object(Mage_Core_Model_Layout_Element))
#6 C:\wamp\www\magento-lite\app\code\core\Mage\Core\Controller\Varien\Action.php(344): Mage_Core_Model_Layout->generateBlocks()
#7 C:\wamp\www\magento-lite\app\code\core\Mage\Core\Controller\Varien\Action.php(269): Mage_Core_Controller_Varien_Action->generateLayoutBlocks()
#8 C:\wamp\www\magento-lite\app\code\local\Account\User\controllers\IndexController.php(6): Mage_Core_Controller_Varien_Action->loadLayout()
#9 C:\wamp\www\magento-lite\app\code\core\Mage\Core\Controller\Varien\Action.php(418): Account_User_IndexController->indexAction()
#10 C:\wamp\www\magento-lite\app\code\core\Mage\Core\Controller\Varien\Router\Standard.php(250): Mage_Core_Controller_Varien_Action->dispatch('index')
#11 C:\wamp\www\magento-lite\app\code\core\Mage\Core\Controller\Varien\Front.php(172): Mage_Core_Controller_Varien_Router_Standard->match(Object(Mage_Core_Controller_Request_Http))
#12 C:\wamp\www\magento-lite\app\code\core\Mage\Core\Model\App.php(354): Mage_Core_Controller_Varien_Front->dispatch()
#13 C:\wamp\www\magento-lite\app\Mage.php(684): Mage_Core_Model_App->run(Array)
#14 C:\wamp\www\magento-lite\index.php(87): Mage::run('', 'store')
#15 {main}
2014-12-20T17:26:58+00:00 ERR (3): 
exception 'Mage_Core_Exception' with message 'Invalid block type: Account_User_Block_User' in C:\wamp\www\magento-lite\app\Mage.php:595
Stack trace:
#0 C:\wamp\www\magento-lite\app\code\core\Mage\Core\Model\Layout.php(495): Mage::throwException('Invalid block t...')
#1 C:\wamp\www\magento-lite\app\code\core\Mage\Core\Model\Layout.php(437): Mage_Core_Model_Layout->_getBlockInstance('user/user', Array)
#2 C:\wamp\www\magento-lite\app\code\core\Mage\Core\Model\Layout.php(472): Mage_Core_Model_Layout->createBlock('user/user', 'user')
#3 C:\wamp\www\magento-lite\app\code\core\Mage\Core\Model\Layout.php(239): Mage_Core_Model_Layout->addBlock('user/user', 'user')
#4 C:\wamp\www\magento-lite\app\code\core\Mage\Core\Model\Layout.php(205): Mage_Core_Model_Layout->_generateBlock(Object(Mage_Core_Model_Layout_Element), Object(Mage_Core_Model_Layout_Element))
#5 C:\wamp\www\magento-lite\app\code\core\Mage\Core\Model\Layout.php(210): Mage_Core_Model_Layout->generateBlocks(Object(Mage_Core_Model_Layout_Element))
#6 C:\wamp\www\magento-lite\app\code\core\Mage\Core\Controller\Varien\Action.php(344): Mage_Core_Model_Layout->generateBlocks()
#7 C:\wamp\www\magento-lite\app\code\core\Mage\Core\Controller\Varien\Action.php(269): Mage_Core_Controller_Varien_Action->generateLayoutBlocks()
#8 C:\wamp\www\magento-lite\app\code\local\Account\User\controllers\IndexController.php(6): Mage_Core_Controller_Varien_Action->loadLayout()
#9 C:\wamp\www\magento-lite\app\code\core\Mage\Core\Controller\Varien\Action.php(418): Account_User_IndexController->indexAction()
#10 C:\wamp\www\magento-lite\app\code\core\Mage\Core\Controller\Varien\Router\Standard.php(250): Mage_Core_Controller_Varien_Action->dispatch('index')
#11 C:\wamp\www\magento-lite\app\code\core\Mage\Core\Controller\Varien\Front.php(172): Mage_Core_Controller_Varien_Router_Standard->match(Object(Mage_Core_Controller_Request_Http))
#12 C:\wamp\www\magento-lite\app\code\core\Mage\Core\Model\App.php(354): Mage_Core_Controller_Varien_Front->dispatch()
#13 C:\wamp\www\magento-lite\app\Mage.php(684): Mage_Core_Model_App->run(Array)
#14 C:\wamp\www\magento-lite\index.php(87): Mage::run('', 'store')
#15 {main}
2014-12-20T17:29:48+00:00 ERR (3): 
exception 'Mage_Core_Exception' with message 'Invalid block type: Account_User_Block_User' in C:\wamp\www\magento-lite\app\Mage.php:595
Stack trace:
#0 C:\wamp\www\magento-lite\app\code\core\Mage\Core\Model\Layout.php(495): Mage::throwException('Invalid block t...')
#1 C:\wamp\www\magento-lite\app\code\core\Mage\Core\Model\Layout.php(437): Mage_Core_Model_Layout->_getBlockInstance('user/user', Array)
#2 C:\wamp\www\magento-lite\app\code\core\Mage\Core\Model\Layout.php(472): Mage_Core_Model_Layout->createBlock('user/user', 'user')
#3 C:\wamp\www\magento-lite\app\code\core\Mage\Core\Model\Layout.php(239): Mage_Core_Model_Layout->addBlock('user/user', 'user')
#4 C:\wamp\www\magento-lite\app\code\core\Mage\Core\Model\Layout.php(205): Mage_Core_Model_Layout->_generateBlock(Object(Mage_Core_Model_Layout_Element), Object(Mage_Core_Model_Layout_Element))
#5 C:\wamp\www\magento-lite\app\code\core\Mage\Core\Model\Layout.php(210): Mage_Core_Model_Layout->generateBlocks(Object(Mage_Core_Model_Layout_Element))
#6 C:\wamp\www\magento-lite\app\code\core\Mage\Core\Controller\Varien\Action.php(344): Mage_Core_Model_Layout->generateBlocks()
#7 C:\wamp\www\magento-lite\app\code\core\Mage\Core\Controller\Varien\Action.php(269): Mage_Core_Controller_Varien_Action->generateLayoutBlocks()
#8 C:\wamp\www\magento-lite\app\code\local\Account\User\controllers\IndexController.php(6): Mage_Core_Controller_Varien_Action->loadLayout()
#9 C:\wamp\www\magento-lite\app\code\core\Mage\Core\Controller\Varien\Action.php(418): Account_User_IndexController->indexAction()
#10 C:\wamp\www\magento-lite\app\code\core\Mage\Core\Controller\Varien\Router\Standard.php(250): Mage_Core_Controller_Varien_Action->dispatch('index')
#11 C:\wamp\www\magento-lite\app\code\core\Mage\Core\Controller\Varien\Front.php(172): Mage_Core_Controller_Varien_Router_Standard->match(Object(Mage_Core_Controller_Request_Http))
#12 C:\wamp\www\magento-lite\app\code\core\Mage\Core\Model\App.php(354): Mage_Core_Controller_Varien_Front->dispatch()
#13 C:\wamp\www\magento-lite\app\Mage.php(684): Mage_Core_Model_App->run(Array)
#14 C:\wamp\www\magento-lite\index.php(87): Mage::run('', 'store')
#15 {main}
2014-12-20T17:30:23+00:00 ERR (3): 
exception 'Mage_Core_Exception' with message 'Invalid block type: Account_User_Block_User' in C:\wamp\www\magento-lite\app\Mage.php:595
Stack trace:
#0 C:\wamp\www\magento-lite\app\code\core\Mage\Core\Model\Layout.php(495): Mage::throwException('Invalid block t...')
#1 C:\wamp\www\magento-lite\app\code\core\Mage\Core\Model\Layout.php(437): Mage_Core_Model_Layout->_getBlockInstance('user/user', Array)
#2 C:\wamp\www\magento-lite\app\code\core\Mage\Core\Model\Layout.php(472): Mage_Core_Model_Layout->createBlock('user/user', 'user')
#3 C:\wamp\www\magento-lite\app\code\core\Mage\Core\Model\Layout.php(239): Mage_Core_Model_Layout->addBlock('user/user', 'user')
#4 C:\wamp\www\magento-lite\app\code\core\Mage\Core\Model\Layout.php(205): Mage_Core_Model_Layout->_generateBlock(Object(Mage_Core_Model_Layout_Element), Object(Mage_Core_Model_Layout_Element))
#5 C:\wamp\www\magento-lite\app\code\core\Mage\Core\Model\Layout.php(210): Mage_Core_Model_Layout->generateBlocks(Object(Mage_Core_Model_Layout_Element))
#6 C:\wamp\www\magento-lite\app\code\core\Mage\Core\Controller\Varien\Action.php(344): Mage_Core_Model_Layout->generateBlocks()
#7 C:\wamp\www\magento-lite\app\code\core\Mage\Core\Controller\Varien\Action.php(269): Mage_Core_Controller_Varien_Action->generateLayoutBlocks()
#8 C:\wamp\www\magento-lite\app\code\local\Account\User\controllers\IndexController.php(6): Mage_Core_Controller_Varien_Action->loadLayout()
#9 C:\wamp\www\magento-lite\app\code\core\Mage\Core\Controller\Varien\Action.php(418): Account_User_IndexController->indexAction()
#10 C:\wamp\www\magento-lite\app\code\core\Mage\Core\Controller\Varien\Router\Standard.php(250): Mage_Core_Controller_Varien_Action->dispatch('index')
#11 C:\wamp\www\magento-lite\app\code\core\Mage\Core\Controller\Varien\Front.php(172): Mage_Core_Controller_Varien_Router_Standard->match(Object(Mage_Core_Controller_Request_Http))
#12 C:\wamp\www\magento-lite\app\code\core\Mage\Core\Model\App.php(354): Mage_Core_Controller_Varien_Front->dispatch()
#13 C:\wamp\www\magento-lite\app\Mage.php(684): Mage_Core_Model_App->run(Array)
#14 C:\wamp\www\magento-lite\index.php(87): Mage::run('', 'store')
#15 {main}
2014-12-20T17:31:51+00:00 ERR (3): 
exception 'Mage_Core_Exception' with message 'Invalid block type: Account_User_Block_User' in C:\wamp\www\magento-lite\app\Mage.php:595
Stack trace:
#0 C:\wamp\www\magento-lite\app\code\core\Mage\Core\Model\Layout.php(495): Mage::throwException('Invalid block t...')
#1 C:\wamp\www\magento-lite\app\code\core\Mage\Core\Model\Layout.php(437): Mage_Core_Model_Layout->_getBlockInstance('user/user', Array)
#2 C:\wamp\www\magento-lite\app\code\core\Mage\Core\Model\Layout.php(472): Mage_Core_Model_Layout->createBlock('user/user', 'user')
#3 C:\wamp\www\magento-lite\app\code\core\Mage\Core\Model\Layout.php(239): Mage_Core_Model_Layout->addBlock('user/user', 'user')
#4 C:\wamp\www\magento-lite\app\code\core\Mage\Core\Model\Layout.php(205): Mage_Core_Model_Layout->_generateBlock(Object(Mage_Core_Model_Layout_Element), Object(Mage_Core_Model_Layout_Element))
#5 C:\wamp\www\magento-lite\app\code\core\Mage\Core\Model\Layout.php(210): Mage_Core_Model_Layout->generateBlocks(Object(Mage_Core_Model_Layout_Element))
#6 C:\wamp\www\magento-lite\app\code\core\Mage\Core\Controller\Varien\Action.php(344): Mage_Core_Model_Layout->generateBlocks()
#7 C:\wamp\www\magento-lite\app\code\core\Mage\Core\Controller\Varien\Action.php(269): Mage_Core_Controller_Varien_Action->generateLayoutBlocks()
#8 C:\wamp\www\magento-lite\app\code\local\Account\User\controllers\IndexController.php(7): Mage_Core_Controller_Varien_Action->loadLayout()
#9 C:\wamp\www\magento-lite\app\code\core\Mage\Core\Controller\Varien\Action.php(418): Account_User_IndexController->indexAction()
#10 C:\wamp\www\magento-lite\app\code\core\Mage\Core\Controller\Varien\Router\Standard.php(250): Mage_Core_Controller_Varien_Action->dispatch('index')
#11 C:\wamp\www\magento-lite\app\code\core\Mage\Core\Controller\Varien\Front.php(172): Mage_Core_Controller_Varien_Router_Standard->match(Object(Mage_Core_Controller_Request_Http))
#12 C:\wamp\www\magento-lite\app\code\core\Mage\Core\Model\App.php(354): Mage_Core_Controller_Varien_Front->dispatch()
#13 C:\wamp\www\magento-lite\app\Mage.php(684): Mage_Core_Model_App->run(Array)
#14 C:\wamp\www\magento-lite\index.php(87): Mage::run('', 'store')
#15 {main}
2014-12-20T17:32:03+00:00 ERR (3): 
exception 'Mage_Core_Exception' with message 'Invalid block type: Account_User_Block_User' in C:\wamp\www\magento-lite\app\Mage.php:595
Stack trace:
#0 C:\wamp\www\magento-lite\app\code\core\Mage\Core\Model\Layout.php(495): Mage::throwException('Invalid block t...')
#1 C:\wamp\www\magento-lite\app\code\core\Mage\Core\Model\Layout.php(437): Mage_Core_Model_Layout->_getBlockInstance('user/user', Array)
#2 C:\wamp\www\magento-lite\app\code\core\Mage\Core\Model\Layout.php(472): Mage_Core_Model_Layout->createBlock('user/user', 'user')
#3 C:\wamp\www\magento-lite\app\code\core\Mage\Core\Model\Layout.php(239): Mage_Core_Model_Layout->addBlock('user/user', 'user')
#4 C:\wamp\www\magento-lite\app\code\core\Mage\Core\Model\Layout.php(205): Mage_Core_Model_Layout->_generateBlock(Object(Mage_Core_Model_Layout_Element), Object(Mage_Core_Model_Layout_Element))
#5 C:\wamp\www\magento-lite\app\code\core\Mage\Core\Model\Layout.php(210): Mage_Core_Model_Layout->generateBlocks(Object(Mage_Core_Model_Layout_Element))
#6 C:\wamp\www\magento-lite\app\code\core\Mage\Core\Controller\Varien\Action.php(344): Mage_Core_Model_Layout->generateBlocks()
#7 C:\wamp\www\magento-lite\app\code\core\Mage\Core\Controller\Varien\Action.php(269): Mage_Core_Controller_Varien_Action->generateLayoutBlocks()
#8 C:\wamp\www\magento-lite\app\code\local\Account\User\controllers\IndexController.php(7): Mage_Core_Controller_Varien_Action->loadLayout()
#9 C:\wamp\www\magento-lite\app\code\core\Mage\Core\Controller\Varien\Action.php(418): Account_User_IndexController->indexAction()
#10 C:\wamp\www\magento-lite\app\code\core\Mage\Core\Controller\Varien\Router\Standard.php(250): Mage_Core_Controller_Varien_Action->dispatch('index')
#11 C:\wamp\www\magento-lite\app\code\core\Mage\Core\Controller\Varien\Front.php(172): Mage_Core_Controller_Varien_Router_Standard->match(Object(Mage_Core_Controller_Request_Http))
#12 C:\wamp\www\magento-lite\app\code\core\Mage\Core\Model\App.php(354): Mage_Core_Controller_Varien_Front->dispatch()
#13 C:\wamp\www\magento-lite\app\Mage.php(684): Mage_Core_Model_App->run(Array)
#14 C:\wamp\www\magento-lite\index.php(87): Mage::run('', 'store')
#15 {main}
2014-12-20T17:32:53+00:00 ERR (3): 
exception 'Mage_Core_Exception' with message 'Invalid block type: Account_User_Block_User' in C:\wamp\www\magento-lite\app\Mage.php:595
Stack trace:
#0 C:\wamp\www\magento-lite\app\code\core\Mage\Core\Model\Layout.php(495): Mage::throwException('Invalid block t...')
#1 C:\wamp\www\magento-lite\app\code\core\Mage\Core\Model\Layout.php(437): Mage_Core_Model_Layout->_getBlockInstance('user/user', Array)
#2 C:\wamp\www\magento-lite\app\code\core\Mage\Core\Model\Layout.php(472): Mage_Core_Model_Layout->createBlock('user/user', 'user')
#3 C:\wamp\www\magento-lite\app\code\core\Mage\Core\Model\Layout.php(239): Mage_Core_Model_Layout->addBlock('user/user', 'user')
#4 C:\wamp\www\magento-lite\app\code\core\Mage\Core\Model\Layout.php(205): Mage_Core_Model_Layout->_generateBlock(Object(Mage_Core_Model_Layout_Element), Object(Mage_Core_Model_Layout_Element))
#5 C:\wamp\www\magento-lite\app\code\core\Mage\Core\Model\Layout.php(210): Mage_Core_Model_Layout->generateBlocks(Object(Mage_Core_Model_Layout_Element))
#6 C:\wamp\www\magento-lite\app\code\core\Mage\Core\Controller\Varien\Action.php(344): Mage_Core_Model_Layout->generateBlocks()
#7 C:\wamp\www\magento-lite\app\code\core\Mage\Core\Controller\Varien\Action.php(269): Mage_Core_Controller_Varien_Action->generateLayoutBlocks()
#8 C:\wamp\www\magento-lite\app\code\local\Account\User\controllers\IndexController.php(7): Mage_Core_Controller_Varien_Action->loadLayout()
#9 C:\wamp\www\magento-lite\app\code\core\Mage\Core\Controller\Varien\Action.php(418): Account_User_IndexController->indexAction()
#10 C:\wamp\www\magento-lite\app\code\core\Mage\Core\Controller\Varien\Router\Standard.php(250): Mage_Core_Controller_Varien_Action->dispatch('index')
#11 C:\wamp\www\magento-lite\app\code\core\Mage\Core\Controller\Varien\Front.php(172): Mage_Core_Controller_Varien_Router_Standard->match(Object(Mage_Core_Controller_Request_Http))
#12 C:\wamp\www\magento-lite\app\code\core\Mage\Core\Model\App.php(354): Mage_Core_Controller_Varien_Front->dispatch()
#13 C:\wamp\www\magento-lite\app\Mage.php(684): Mage_Core_Model_App->run(Array)
#14 C:\wamp\www\magento-lite\index.php(87): Mage::run('', 'store')
#15 {main}
2014-12-20T18:26:49+00:00 ERR (3): 
exception 'Mage_Core_Exception' with message 'Invalid block type: Mage_[module]_Block_[module]' in C:\wamp\www\magento-lite\app\Mage.php:595
Stack trace:
#0 C:\wamp\www\magento-lite\app\code\core\Mage\Core\Model\Layout.php(495): Mage::throwException('Invalid block t...')
#1 C:\wamp\www\magento-lite\app\code\core\Mage\Core\Model\Layout.php(437): Mage_Core_Model_Layout->_getBlockInstance('[module]/[modul...', Array)
#2 C:\wamp\www\magento-lite\app\code\core\Mage\Core\Model\Layout.php(472): Mage_Core_Model_Layout->createBlock('[module]/[modul...', '[module]')
#3 C:\wamp\www\magento-lite\app\code\core\Mage\Core\Model\Layout.php(239): Mage_Core_Model_Layout->addBlock('[module]/[modul...', '[module]')
#4 C:\wamp\www\magento-lite\app\code\core\Mage\Core\Model\Layout.php(205): Mage_Core_Model_Layout->_generateBlock(Object(Mage_Core_Model_Layout_Element), Object(Mage_Core_Model_Layout_Element))
#5 C:\wamp\www\magento-lite\app\code\core\Mage\Core\Model\Layout.php(210): Mage_Core_Model_Layout->generateBlocks(Object(Mage_Core_Model_Layout_Element))
#6 C:\wamp\www\magento-lite\app\code\core\Mage\Core\Controller\Varien\Action.php(344): Mage_Core_Model_Layout->generateBlocks()
#7 C:\wamp\www\magento-lite\app\code\core\Mage\Core\Controller\Varien\Action.php(269): Mage_Core_Controller_Varien_Action->generateLayoutBlocks()
#8 C:\wamp\www\magento-lite\app\code\local\Account\User\controllers\IndexController.php(7): Mage_Core_Controller_Varien_Action->loadLayout()
#9 C:\wamp\www\magento-lite\app\code\core\Mage\Core\Controller\Varien\Action.php(418): Account_User_IndexController->indexAction()
#10 C:\wamp\www\magento-lite\app\code\core\Mage\Core\Controller\Varien\Router\Standard.php(250): Mage_Core_Controller_Varien_Action->dispatch('index')
#11 C:\wamp\www\magento-lite\app\code\core\Mage\Core\Controller\Varien\Front.php(172): Mage_Core_Controller_Varien_Router_Standard->match(Object(Mage_Core_Controller_Request_Http))
#12 C:\wamp\www\magento-lite\app\code\core\Mage\Core\Model\App.php(354): Mage_Core_Controller_Varien_Front->dispatch()
#13 C:\wamp\www\magento-lite\app\Mage.php(684): Mage_Core_Model_App->run(Array)
#14 C:\wamp\www\magento-lite\index.php(87): Mage::run('', 'store')
#15 {main}
2014-12-20T18:27:13+00:00 ERR (3): 
exception 'Mage_Core_Exception' with message 'Invalid block type: Account_User_Block_User' in C:\wamp\www\magento-lite\app\Mage.php:595
Stack trace:
#0 C:\wamp\www\magento-lite\app\code\core\Mage\Core\Model\Layout.php(495): Mage::throwException('Invalid block t...')
#1 C:\wamp\www\magento-lite\app\code\core\Mage\Core\Model\Layout.php(437): Mage_Core_Model_Layout->_getBlockInstance('user/user', Array)
#2 C:\wamp\www\magento-lite\app\code\core\Mage\Core\Model\Layout.php(472): Mage_Core_Model_Layout->createBlock('user/user', 'user')
#3 C:\wamp\www\magento-lite\app\code\core\Mage\Core\Model\Layout.php(239): Mage_Core_Model_Layout->addBlock('user/user', 'user')
#4 C:\wamp\www\magento-lite\app\code\core\Mage\Core\Model\Layout.php(205): Mage_Core_Model_Layout->_generateBlock(Object(Mage_Core_Model_Layout_Element), Object(Mage_Core_Model_Layout_Element))
#5 C:\wamp\www\magento-lite\app\code\core\Mage\Core\Model\Layout.php(210): Mage_Core_Model_Layout->generateBlocks(Object(Mage_Core_Model_Layout_Element))
#6 C:\wamp\www\magento-lite\app\code\core\Mage\Core\Controller\Varien\Action.php(344): Mage_Core_Model_Layout->generateBlocks()
#7 C:\wamp\www\magento-lite\app\code\core\Mage\Core\Controller\Varien\Action.php(269): Mage_Core_Controller_Varien_Action->generateLayoutBlocks()
#8 C:\wamp\www\magento-lite\app\code\local\Account\User\controllers\IndexController.php(7): Mage_Core_Controller_Varien_Action->loadLayout()
#9 C:\wamp\www\magento-lite\app\code\core\Mage\Core\Controller\Varien\Action.php(418): Account_User_IndexController->indexAction()
#10 C:\wamp\www\magento-lite\app\code\core\Mage\Core\Controller\Varien\Router\Standard.php(250): Mage_Core_Controller_Varien_Action->dispatch('index')
#11 C:\wamp\www\magento-lite\app\code\core\Mage\Core\Controller\Varien\Front.php(172): Mage_Core_Controller_Varien_Router_Standard->match(Object(Mage_Core_Controller_Request_Http))
#12 C:\wamp\www\magento-lite\app\code\core\Mage\Core\Model\App.php(354): Mage_Core_Controller_Varien_Front->dispatch()
#13 C:\wamp\www\magento-lite\app\Mage.php(684): Mage_Core_Model_App->run(Array)
#14 C:\wamp\www\magento-lite\index.php(87): Mage::run('', 'store')
#15 {main}
2014-12-20T18:27:20+00:00 ERR (3): 
exception 'Mage_Core_Exception' with message 'Invalid block type: Account_User_Block_User' in C:\wamp\www\magento-lite\app\Mage.php:595
Stack trace:
#0 C:\wamp\www\magento-lite\app\code\core\Mage\Core\Model\Layout.php(495): Mage::throwException('Invalid block t...')
#1 C:\wamp\www\magento-lite\app\code\core\Mage\Core\Model\Layout.php(437): Mage_Core_Model_Layout->_getBlockInstance('user/user', Array)
#2 C:\wamp\www\magento-lite\app\code\core\Mage\Core\Model\Layout.php(472): Mage_Core_Model_Layout->createBlock('user/user', 'user')
#3 C:\wamp\www\magento-lite\app\code\core\Mage\Core\Model\Layout.php(239): Mage_Core_Model_Layout->addBlock('user/user', 'user')
#4 C:\wamp\www\magento-lite\app\code\core\Mage\Core\Model\Layout.php(205): Mage_Core_Model_Layout->_generateBlock(Object(Mage_Core_Model_Layout_Element), Object(Mage_Core_Model_Layout_Element))
#5 C:\wamp\www\magento-lite\app\code\core\Mage\Core\Model\Layout.php(210): Mage_Core_Model_Layout->generateBlocks(Object(Mage_Core_Model_Layout_Element))
#6 C:\wamp\www\magento-lite\app\code\core\Mage\Core\Controller\Varien\Action.php(344): Mage_Core_Model_Layout->generateBlocks()
#7 C:\wamp\www\magento-lite\app\code\core\Mage\Core\Controller\Varien\Action.php(269): Mage_Core_Controller_Varien_Action->generateLayoutBlocks()
#8 C:\wamp\www\magento-lite\app\code\local\Account\User\controllers\IndexController.php(7): Mage_Core_Controller_Varien_Action->loadLayout()
#9 C:\wamp\www\magento-lite\app\code\core\Mage\Core\Controller\Varien\Action.php(418): Account_User_IndexController->indexAction()
#10 C:\wamp\www\magento-lite\app\code\core\Mage\Core\Controller\Varien\Router\Standard.php(250): Mage_Core_Controller_Varien_Action->dispatch('index')
#11 C:\wamp\www\magento-lite\app\code\core\Mage\Core\Controller\Varien\Front.php(172): Mage_Core_Controller_Varien_Router_Standard->match(Object(Mage_Core_Controller_Request_Http))
#12 C:\wamp\www\magento-lite\app\code\core\Mage\Core\Model\App.php(354): Mage_Core_Controller_Varien_Front->dispatch()
#13 C:\wamp\www\magento-lite\app\Mage.php(684): Mage_Core_Model_App->run(Array)
#14 C:\wamp\www\magento-lite\index.php(87): Mage::run('', 'store')
#15 {main}
2014-12-20T18:27:29+00:00 ERR (3): 
exception 'Mage_Core_Exception' with message 'Invalid block type: Account_User_Block_User' in C:\wamp\www\magento-lite\app\Mage.php:595
Stack trace:
#0 C:\wamp\www\magento-lite\app\code\core\Mage\Core\Model\Layout.php(495): Mage::throwException('Invalid block t...')
#1 C:\wamp\www\magento-lite\app\code\core\Mage\Core\Model\Layout.php(437): Mage_Core_Model_Layout->_getBlockInstance('user/user', Array)
#2 C:\wamp\www\magento-lite\app\code\core\Mage\Core\Model\Layout.php(472): Mage_Core_Model_Layout->createBlock('user/user', 'user')
#3 C:\wamp\www\magento-lite\app\code\core\Mage\Core\Model\Layout.php(239): Mage_Core_Model_Layout->addBlock('user/user', 'user')
#4 C:\wamp\www\magento-lite\app\code\core\Mage\Core\Model\Layout.php(205): Mage_Core_Model_Layout->_generateBlock(Object(Mage_Core_Model_Layout_Element), Object(Mage_Core_Model_Layout_Element))
#5 C:\wamp\www\magento-lite\app\code\core\Mage\Core\Model\Layout.php(210): Mage_Core_Model_Layout->generateBlocks(Object(Mage_Core_Model_Layout_Element))
#6 C:\wamp\www\magento-lite\app\code\core\Mage\Core\Controller\Varien\Action.php(344): Mage_Core_Model_Layout->generateBlocks()
#7 C:\wamp\www\magento-lite\app\code\core\Mage\Core\Controller\Varien\Action.php(269): Mage_Core_Controller_Varien_Action->generateLayoutBlocks()
#8 C:\wamp\www\magento-lite\app\code\local\Account\User\controllers\IndexController.php(7): Mage_Core_Controller_Varien_Action->loadLayout()
#9 C:\wamp\www\magento-lite\app\code\core\Mage\Core\Controller\Varien\Action.php(418): Account_User_IndexController->indexAction()
#10 C:\wamp\www\magento-lite\app\code\core\Mage\Core\Controller\Varien\Router\Standard.php(250): Mage_Core_Controller_Varien_Action->dispatch('index')
#11 C:\wamp\www\magento-lite\app\code\core\Mage\Core\Controller\Varien\Front.php(172): Mage_Core_Controller_Varien_Router_Standard->match(Object(Mage_Core_Controller_Request_Http))
#12 C:\wamp\www\magento-lite\app\code\core\Mage\Core\Model\App.php(354): Mage_Core_Controller_Varien_Front->dispatch()
#13 C:\wamp\www\magento-lite\app\Mage.php(684): Mage_Core_Model_App->run(Array)
#14 C:\wamp\www\magento-lite\index.php(87): Mage::run('', 'store')
#15 {main}
2014-12-20T18:27:46+00:00 ERR (3): 
exception 'Mage_Core_Exception' with message 'Invalid block type: Account_User_Block_User' in C:\wamp\www\magento-lite\app\Mage.php:595
Stack trace:
#0 C:\wamp\www\magento-lite\app\code\core\Mage\Core\Model\Layout.php(495): Mage::throwException('Invalid block t...')
#1 C:\wamp\www\magento-lite\app\code\core\Mage\Core\Model\Layout.php(437): Mage_Core_Model_Layout->_getBlockInstance('user/user', Array)
#2 C:\wamp\www\magento-lite\app\code\core\Mage\Core\Model\Layout.php(472): Mage_Core_Model_Layout->createBlock('user/user', 'user')
#3 C:\wamp\www\magento-lite\app\code\core\Mage\Core\Model\Layout.php(239): Mage_Core_Model_Layout->addBlock('user/user', 'user')
#4 C:\wamp\www\magento-lite\app\code\core\Mage\Core\Model\Layout.php(205): Mage_Core_Model_Layout->_generateBlock(Object(Mage_Core_Model_Layout_Element), Object(Mage_Core_Model_Layout_Element))
#5 C:\wamp\www\magento-lite\app\code\core\Mage\Core\Model\Layout.php(210): Mage_Core_Model_Layout->generateBlocks(Object(Mage_Core_Model_Layout_Element))
#6 C:\wamp\www\magento-lite\app\code\core\Mage\Core\Controller\Varien\Action.php(344): Mage_Core_Model_Layout->generateBlocks()
#7 C:\wamp\www\magento-lite\app\code\core\Mage\Core\Controller\Varien\Action.php(269): Mage_Core_Controller_Varien_Action->generateLayoutBlocks()
#8 C:\wamp\www\magento-lite\app\code\local\Account\User\controllers\IndexController.php(7): Mage_Core_Controller_Varien_Action->loadLayout()
#9 C:\wamp\www\magento-lite\app\code\core\Mage\Core\Controller\Varien\Action.php(418): Account_User_IndexController->indexAction()
#10 C:\wamp\www\magento-lite\app\code\core\Mage\Core\Controller\Varien\Router\Standard.php(250): Mage_Core_Controller_Varien_Action->dispatch('index')
#11 C:\wamp\www\magento-lite\app\code\core\Mage\Core\Controller\Varien\Front.php(172): Mage_Core_Controller_Varien_Router_Standard->match(Object(Mage_Core_Controller_Request_Http))
#12 C:\wamp\www\magento-lite\app\code\core\Mage\Core\Model\App.php(354): Mage_Core_Controller_Varien_Front->dispatch()
#13 C:\wamp\www\magento-lite\app\Mage.php(684): Mage_Core_Model_App->run(Array)
#14 C:\wamp\www\magento-lite\index.php(87): Mage::run('', 'store')
#15 {main}
2015-01-03T02:43:19+00:00 ERR (3): 
exception 'Mage_Core_Exception' with message 'Invalid block type: Mage_Page_Block_Html_Chat' in C:\wamp\www\magento-lite\app\Mage.php:595
Stack trace:
#0 C:\wamp\www\magento-lite\app\code\core\Mage\Core\Model\Layout.php(495): Mage::throwException('Invalid block t...')
#1 C:\wamp\www\magento-lite\app\code\core\Mage\Core\Model\Layout.php(437): Mage_Core_Model_Layout->_getBlockInstance('page/html_chat', Array)
#2 C:\wamp\www\magento-lite\app\code\core\Mage\Core\Model\Layout.php(472): Mage_Core_Model_Layout->createBlock('page/html_chat', 'chat')
#3 C:\wamp\www\magento-lite\app\code\core\Mage\Core\Model\Layout.php(239): Mage_Core_Model_Layout->addBlock('page/html_chat', 'chat')
#4 C:\wamp\www\magento-lite\app\code\core\Mage\Core\Model\Layout.php(205): Mage_Core_Model_Layout->_generateBlock(Object(Mage_Core_Model_Layout_Element), Object(Mage_Core_Model_Layout_Element))
#5 C:\wamp\www\magento-lite\app\code\core\Mage\Core\Model\Layout.php(206): Mage_Core_Model_Layout->generateBlocks(Object(Mage_Core_Model_Layout_Element))
#6 C:\wamp\www\magento-lite\app\code\core\Mage\Core\Controller\Varien\Action.php(344): Mage_Core_Model_Layout->generateBlocks()
#7 C:\wamp\www\magento-lite\app\code\core\Mage\Core\Controller\Varien\Action.php(269): Mage_Core_Controller_Varien_Action->generateLayoutBlocks()
#8 C:\wamp\www\magento-lite\app\code\local\Account\User\controllers\IndexController.php(25): Mage_Core_Controller_Varien_Action->loadLayout()
#9 C:\wamp\www\magento-lite\app\code\core\Mage\Core\Controller\Varien\Action.php(418): Account_User_IndexController->profileAction()
#10 C:\wamp\www\magento-lite\app\code\core\Mage\Core\Controller\Varien\Router\Standard.php(250): Mage_Core_Controller_Varien_Action->dispatch('profile')
#11 C:\wamp\www\magento-lite\app\code\core\Mage\Core\Controller\Varien\Front.php(172): Mage_Core_Controller_Varien_Router_Standard->match(Object(Mage_Core_Controller_Request_Http))
#12 C:\wamp\www\magento-lite\app\code\core\Mage\Core\Model\App.php(354): Mage_Core_Controller_Varien_Front->dispatch()
#13 C:\wamp\www\magento-lite\app\Mage.php(684): Mage_Core_Model_App->run(Array)
#14 C:\wamp\www\magento-lite\index.php(87): Mage::run('', 'store')
#15 {main}
2015-01-03T02:43:51+00:00 ERR (3): 
exception 'Mage_Core_Exception' with message 'Invalid block type: Mage_Page_Block_Html_Chat' in C:\wamp\www\magento-lite\app\Mage.php:595
Stack trace:
#0 C:\wamp\www\magento-lite\app\code\core\Mage\Core\Model\Layout.php(495): Mage::throwException('Invalid block t...')
#1 C:\wamp\www\magento-lite\app\code\core\Mage\Core\Model\Layout.php(437): Mage_Core_Model_Layout->_getBlockInstance('page/html_chat', Array)
#2 C:\wamp\www\magento-lite\app\code\core\Mage\Core\Model\Layout.php(472): Mage_Core_Model_Layout->createBlock('page/html_chat', 'chat')
#3 C:\wamp\www\magento-lite\app\code\core\Mage\Core\Model\Layout.php(239): Mage_Core_Model_Layout->addBlock('page/html_chat', 'chat')
#4 C:\wamp\www\magento-lite\app\code\core\Mage\Core\Model\Layout.php(205): Mage_Core_Model_Layout->_generateBlock(Object(Mage_Core_Model_Layout_Element), Object(Mage_Core_Model_Layout_Element))
#5 C:\wamp\www\magento-lite\app\code\core\Mage\Core\Model\Layout.php(206): Mage_Core_Model_Layout->generateBlocks(Object(Mage_Core_Model_Layout_Element))
#6 C:\wamp\www\magento-lite\app\code\core\Mage\Core\Controller\Varien\Action.php(344): Mage_Core_Model_Layout->generateBlocks()
#7 C:\wamp\www\magento-lite\app\code\community\Mage\Cms\Helper\Page.php(113): Mage_Core_Controller_Varien_Action->generateLayoutBlocks()
#8 C:\wamp\www\magento-lite\app\code\community\Mage\Cms\Helper\Page.php(52): Mage_Cms_Helper_Page->_renderPage(Object(Mage_Cms_IndexController), 'home')
#9 C:\wamp\www\magento-lite\app\code\core\Mage\Cms\controllers\IndexController.php(45): Mage_Cms_Helper_Page->renderPage(Object(Mage_Cms_IndexController), 'home')
#10 C:\wamp\www\magento-lite\app\code\core\Mage\Core\Controller\Varien\Action.php(418): Mage_Cms_IndexController->indexAction()
#11 C:\wamp\www\magento-lite\app\code\core\Mage\Core\Controller\Varien\Router\Standard.php(250): Mage_Core_Controller_Varien_Action->dispatch('index')
#12 C:\wamp\www\magento-lite\app\code\core\Mage\Core\Controller\Varien\Front.php(172): Mage_Core_Controller_Varien_Router_Standard->match(Object(Mage_Core_Controller_Request_Http))
#13 C:\wamp\www\magento-lite\app\code\core\Mage\Core\Model\App.php(354): Mage_Core_Controller_Varien_Front->dispatch()
#14 C:\wamp\www\magento-lite\app\Mage.php(684): Mage_Core_Model_App->run(Array)
#15 C:\wamp\www\magento-lite\index.php(87): Mage::run('', 'store')
#16 {main}
2015-01-03T02:43:54+00:00 ERR (3): 
exception 'Mage_Core_Exception' with message 'Invalid block type: Mage_Page_Block_Html_Chat' in C:\wamp\www\magento-lite\app\Mage.php:595
Stack trace:
#0 C:\wamp\www\magento-lite\app\code\core\Mage\Core\Model\Layout.php(495): Mage::throwException('Invalid block t...')
#1 C:\wamp\www\magento-lite\app\code\core\Mage\Core\Model\Layout.php(437): Mage_Core_Model_Layout->_getBlockInstance('page/html_chat', Array)
#2 C:\wamp\www\magento-lite\app\code\core\Mage\Core\Model\Layout.php(472): Mage_Core_Model_Layout->createBlock('page/html_chat', 'chat')
#3 C:\wamp\www\magento-lite\app\code\core\Mage\Core\Model\Layout.php(239): Mage_Core_Model_Layout->addBlock('page/html_chat', 'chat')
#4 C:\wamp\www\magento-lite\app\code\core\Mage\Core\Model\Layout.php(205): Mage_Core_Model_Layout->_generateBlock(Object(Mage_Core_Model_Layout_Element), Object(Mage_Core_Model_Layout_Element))
#5 C:\wamp\www\magento-lite\app\code\core\Mage\Core\Model\Layout.php(206): Mage_Core_Model_Layout->generateBlocks(Object(Mage_Core_Model_Layout_Element))
#6 C:\wamp\www\magento-lite\app\code\core\Mage\Core\Controller\Varien\Action.php(344): Mage_Core_Model_Layout->generateBlocks()
#7 C:\wamp\www\magento-lite\app\code\core\Mage\Core\Controller\Varien\Action.php(269): Mage_Core_Controller_Varien_Action->generateLayoutBlocks()
#8 C:\wamp\www\magento-lite\app\code\local\Account\User\controllers\IndexController.php(25): Mage_Core_Controller_Varien_Action->loadLayout()
#9 C:\wamp\www\magento-lite\app\code\core\Mage\Core\Controller\Varien\Action.php(418): Account_User_IndexController->profileAction()
#10 C:\wamp\www\magento-lite\app\code\core\Mage\Core\Controller\Varien\Router\Standard.php(250): Mage_Core_Controller_Varien_Action->dispatch('profile')
#11 C:\wamp\www\magento-lite\app\code\core\Mage\Core\Controller\Varien\Front.php(172): Mage_Core_Controller_Varien_Router_Standard->match(Object(Mage_Core_Controller_Request_Http))
#12 C:\wamp\www\magento-lite\app\code\core\Mage\Core\Model\App.php(354): Mage_Core_Controller_Varien_Front->dispatch()
#13 C:\wamp\www\magento-lite\app\Mage.php(684): Mage_Core_Model_App->run(Array)
#14 C:\wamp\www\magento-lite\index.php(87): Mage::run('', 'store')
#15 {main}
2015-01-03T17:18:04+00:00 ERR (3): 
exception 'Mage_Core_Exception' with message 'Invalid block type: Mage_Page_Block_Html_Qchat' in C:\wamp\www\magento-lite\app\Mage.php:595
Stack trace:
#0 C:\wamp\www\magento-lite\app\code\core\Mage\Core\Model\Layout.php(495): Mage::throwException('Invalid block t...')
#1 C:\wamp\www\magento-lite\app\code\core\Mage\Core\Model\Layout.php(437): Mage_Core_Model_Layout->_getBlockInstance('page/html_qchat', Array)
#2 C:\wamp\www\magento-lite\app\code\core\Mage\Core\Model\Layout.php(472): Mage_Core_Model_Layout->createBlock('page/html_qchat', 'qnav.chat')
#3 C:\wamp\www\magento-lite\app\code\core\Mage\Core\Model\Layout.php(239): Mage_Core_Model_Layout->addBlock('page/html_qchat', 'qnav.chat')
#4 C:\wamp\www\magento-lite\app\code\core\Mage\Core\Model\Layout.php(205): Mage_Core_Model_Layout->_generateBlock(Object(Mage_Core_Model_Layout_Element), Object(Mage_Core_Model_Layout_Element))
#5 C:\wamp\www\magento-lite\app\code\core\Mage\Core\Model\Layout.php(206): Mage_Core_Model_Layout->generateBlocks(Object(Mage_Core_Model_Layout_Element))
#6 C:\wamp\www\magento-lite\app\code\core\Mage\Core\Model\Layout.php(206): Mage_Core_Model_Layout->generateBlocks(Object(Mage_Core_Model_Layout_Element))
#7 C:\wamp\www\magento-lite\app\code\core\Mage\Core\Controller\Varien\Action.php(344): Mage_Core_Model_Layout->generateBlocks()
#8 C:\wamp\www\magento-lite\app\code\core\Mage\Core\Controller\Varien\Action.php(269): Mage_Core_Controller_Varien_Action->generateLayoutBlocks()
#9 C:\wamp\www\magento-lite\app\code\local\Account\User\controllers\IndexController.php(25): Mage_Core_Controller_Varien_Action->loadLayout()
#10 C:\wamp\www\magento-lite\app\code\core\Mage\Core\Controller\Varien\Action.php(418): Account_User_IndexController->profileAction()
#11 C:\wamp\www\magento-lite\app\code\core\Mage\Core\Controller\Varien\Router\Standard.php(250): Mage_Core_Controller_Varien_Action->dispatch('profile')
#12 C:\wamp\www\magento-lite\app\code\core\Mage\Core\Controller\Varien\Front.php(172): Mage_Core_Controller_Varien_Router_Standard->match(Object(Mage_Core_Controller_Request_Http))
#13 C:\wamp\www\magento-lite\app\code\core\Mage\Core\Model\App.php(354): Mage_Core_Controller_Varien_Front->dispatch()
#14 C:\wamp\www\magento-lite\app\Mage.php(684): Mage_Core_Model_App->run(Array)
#15 C:\wamp\www\magento-lite\index.php(87): Mage::run('', 'store')
#16 {main}
2015-01-03T17:18:06+00:00 ERR (3): 
exception 'Mage_Core_Exception' with message 'Invalid block type: Mage_Page_Block_Html_Qchat' in C:\wamp\www\magento-lite\app\Mage.php:595
Stack trace:
#0 C:\wamp\www\magento-lite\app\code\core\Mage\Core\Model\Layout.php(495): Mage::throwException('Invalid block t...')
#1 C:\wamp\www\magento-lite\app\code\core\Mage\Core\Model\Layout.php(437): Mage_Core_Model_Layout->_getBlockInstance('page/html_qchat', Array)
#2 C:\wamp\www\magento-lite\app\code\core\Mage\Core\Model\Layout.php(472): Mage_Core_Model_Layout->createBlock('page/html_qchat', 'qnav.chat')
#3 C:\wamp\www\magento-lite\app\code\core\Mage\Core\Model\Layout.php(239): Mage_Core_Model_Layout->addBlock('page/html_qchat', 'qnav.chat')
#4 C:\wamp\www\magento-lite\app\code\core\Mage\Core\Model\Layout.php(205): Mage_Core_Model_Layout->_generateBlock(Object(Mage_Core_Model_Layout_Element), Object(Mage_Core_Model_Layout_Element))
#5 C:\wamp\www\magento-lite\app\code\core\Mage\Core\Model\Layout.php(206): Mage_Core_Model_Layout->generateBlocks(Object(Mage_Core_Model_Layout_Element))
#6 C:\wamp\www\magento-lite\app\code\core\Mage\Core\Model\Layout.php(206): Mage_Core_Model_Layout->generateBlocks(Object(Mage_Core_Model_Layout_Element))
#7 C:\wamp\www\magento-lite\app\code\core\Mage\Core\Controller\Varien\Action.php(344): Mage_Core_Model_Layout->generateBlocks()
#8 C:\wamp\www\magento-lite\app\code\core\Mage\Core\Controller\Varien\Action.php(269): Mage_Core_Controller_Varien_Action->generateLayoutBlocks()
#9 C:\wamp\www\magento-lite\app\code\local\Account\User\controllers\IndexController.php(25): Mage_Core_Controller_Varien_Action->loadLayout()
#10 C:\wamp\www\magento-lite\app\code\core\Mage\Core\Controller\Varien\Action.php(418): Account_User_IndexController->profileAction()
#11 C:\wamp\www\magento-lite\app\code\core\Mage\Core\Controller\Varien\Router\Standard.php(250): Mage_Core_Controller_Varien_Action->dispatch('profile')
#12 C:\wamp\www\magento-lite\app\code\core\Mage\Core\Controller\Varien\Front.php(172): Mage_Core_Controller_Varien_Router_Standard->match(Object(Mage_Core_Controller_Request_Http))
#13 C:\wamp\www\magento-lite\app\code\core\Mage\Core\Model\App.php(354): Mage_Core_Controller_Varien_Front->dispatch()
#14 C:\wamp\www\magento-lite\app\Mage.php(684): Mage_Core_Model_App->run(Array)
#15 C:\wamp\www\magento-lite\index.php(87): Mage::run('', 'store')
#16 {main}
2015-01-03T17:18:07+00:00 ERR (3): 
exception 'Mage_Core_Exception' with message 'Invalid block type: Mage_Page_Block_Html_Qchat' in C:\wamp\www\magento-lite\app\Mage.php:595
Stack trace:
#0 C:\wamp\www\magento-lite\app\code\core\Mage\Core\Model\Layout.php(495): Mage::throwException('Invalid block t...')
#1 C:\wamp\www\magento-lite\app\code\core\Mage\Core\Model\Layout.php(437): Mage_Core_Model_Layout->_getBlockInstance('page/html_qchat', Array)
#2 C:\wamp\www\magento-lite\app\code\core\Mage\Core\Model\Layout.php(472): Mage_Core_Model_Layout->createBlock('page/html_qchat', 'qnav.chat')
#3 C:\wamp\www\magento-lite\app\code\core\Mage\Core\Model\Layout.php(239): Mage_Core_Model_Layout->addBlock('page/html_qchat', 'qnav.chat')
#4 C:\wamp\www\magento-lite\app\code\core\Mage\Core\Model\Layout.php(205): Mage_Core_Model_Layout->_generateBlock(Object(Mage_Core_Model_Layout_Element), Object(Mage_Core_Model_Layout_Element))
#5 C:\wamp\www\magento-lite\app\code\core\Mage\Core\Model\Layout.php(206): Mage_Core_Model_Layout->generateBlocks(Object(Mage_Core_Model_Layout_Element))
#6 C:\wamp\www\magento-lite\app\code\core\Mage\Core\Model\Layout.php(206): Mage_Core_Model_Layout->generateBlocks(Object(Mage_Core_Model_Layout_Element))
#7 C:\wamp\www\magento-lite\app\code\core\Mage\Core\Controller\Varien\Action.php(344): Mage_Core_Model_Layout->generateBlocks()
#8 C:\wamp\www\magento-lite\app\code\core\Mage\Core\Controller\Varien\Action.php(269): Mage_Core_Controller_Varien_Action->generateLayoutBlocks()
#9 C:\wamp\www\magento-lite\app\code\local\Account\User\controllers\IndexController.php(25): Mage_Core_Controller_Varien_Action->loadLayout()
#10 C:\wamp\www\magento-lite\app\code\core\Mage\Core\Controller\Varien\Action.php(418): Account_User_IndexController->profileAction()
#11 C:\wamp\www\magento-lite\app\code\core\Mage\Core\Controller\Varien\Router\Standard.php(250): Mage_Core_Controller_Varien_Action->dispatch('profile')
#12 C:\wamp\www\magento-lite\app\code\core\Mage\Core\Controller\Varien\Front.php(172): Mage_Core_Controller_Varien_Router_Standard->match(Object(Mage_Core_Controller_Request_Http))
#13 C:\wamp\www\magento-lite\app\code\core\Mage\Core\Model\App.php(354): Mage_Core_Controller_Varien_Front->dispatch()
#14 C:\wamp\www\magento-lite\app\Mage.php(684): Mage_Core_Model_App->run(Array)
#15 C:\wamp\www\magento-lite\index.php(87): Mage::run('', 'store')
#16 {main}
2015-01-03T17:19:20+00:00 ERR (3): 
exception 'Mage_Core_Exception' with message 'Invalid block type: Mage_Page_Block_Html_Qchat' in C:\wamp\www\magento-lite\app\Mage.php:595
Stack trace:
#0 C:\wamp\www\magento-lite\app\code\core\Mage\Core\Model\Layout.php(495): Mage::throwException('Invalid block t...')
#1 C:\wamp\www\magento-lite\app\code\core\Mage\Core\Model\Layout.php(437): Mage_Core_Model_Layout->_getBlockInstance('page/html_qchat', Array)
#2 C:\wamp\www\magento-lite\app\code\core\Mage\Core\Model\Layout.php(472): Mage_Core_Model_Layout->createBlock('page/html_qchat', 'qnav.chat')
#3 C:\wamp\www\magento-lite\app\code\core\Mage\Core\Model\Layout.php(239): Mage_Core_Model_Layout->addBlock('page/html_qchat', 'qnav.chat')
#4 C:\wamp\www\magento-lite\app\code\core\Mage\Core\Model\Layout.php(205): Mage_Core_Model_Layout->_generateBlock(Object(Mage_Core_Model_Layout_Element), Object(Mage_Core_Model_Layout_Element))
#5 C:\wamp\www\magento-lite\app\code\core\Mage\Core\Model\Layout.php(206): Mage_Core_Model_Layout->generateBlocks(Object(Mage_Core_Model_Layout_Element))
#6 C:\wamp\www\magento-lite\app\code\core\Mage\Core\Model\Layout.php(206): Mage_Core_Model_Layout->generateBlocks(Object(Mage_Core_Model_Layout_Element))
#7 C:\wamp\www\magento-lite\app\code\core\Mage\Core\Controller\Varien\Action.php(344): Mage_Core_Model_Layout->generateBlocks()
#8 C:\wamp\www\magento-lite\app\code\community\Mage\Cms\Helper\Page.php(113): Mage_Core_Controller_Varien_Action->generateLayoutBlocks()
#9 C:\wamp\www\magento-lite\app\code\community\Mage\Cms\Helper\Page.php(52): Mage_Cms_Helper_Page->_renderPage(Object(Mage_Cms_IndexController), 'home')
#10 C:\wamp\www\magento-lite\app\code\core\Mage\Cms\controllers\IndexController.php(45): Mage_Cms_Helper_Page->renderPage(Object(Mage_Cms_IndexController), 'home')
#11 C:\wamp\www\magento-lite\app\code\core\Mage\Core\Controller\Varien\Action.php(418): Mage_Cms_IndexController->indexAction()
#12 C:\wamp\www\magento-lite\app\code\core\Mage\Core\Controller\Varien\Router\Standard.php(250): Mage_Core_Controller_Varien_Action->dispatch('index')
#13 C:\wamp\www\magento-lite\app\code\core\Mage\Core\Controller\Varien\Front.php(172): Mage_Core_Controller_Varien_Router_Standard->match(Object(Mage_Core_Controller_Request_Http))
#14 C:\wamp\www\magento-lite\app\code\core\Mage\Core\Model\App.php(354): Mage_Core_Controller_Varien_Front->dispatch()
#15 C:\wamp\www\magento-lite\app\Mage.php(684): Mage_Core_Model_App->run(Array)
#16 C:\wamp\www\magento-lite\index.php(87): Mage::run('', 'store')
#17 {main}
2015-01-03T17:19:45+00:00 ERR (3): 
exception 'Mage_Core_Exception' with message 'Invalid block type: Mage_Page_Block_Html_Qchat' in C:\wamp\www\magento-lite\app\Mage.php:595
Stack trace:
#0 C:\wamp\www\magento-lite\app\code\core\Mage\Core\Model\Layout.php(495): Mage::throwException('Invalid block t...')
#1 C:\wamp\www\magento-lite\app\code\core\Mage\Core\Model\Layout.php(437): Mage_Core_Model_Layout->_getBlockInstance('page/html_qchat', Array)
#2 C:\wamp\www\magento-lite\app\code\core\Mage\Core\Model\Layout.php(472): Mage_Core_Model_Layout->createBlock('page/html_qchat', 'qnav.chat')
#3 C:\wamp\www\magento-lite\app\code\core\Mage\Core\Model\Layout.php(239): Mage_Core_Model_Layout->addBlock('page/html_qchat', 'qnav.chat')
#4 C:\wamp\www\magento-lite\app\code\core\Mage\Core\Model\Layout.php(205): Mage_Core_Model_Layout->_generateBlock(Object(Mage_Core_Model_Layout_Element), Object(Mage_Core_Model_Layout_Element))
#5 C:\wamp\www\magento-lite\app\code\core\Mage\Core\Model\Layout.php(206): Mage_Core_Model_Layout->generateBlocks(Object(Mage_Core_Model_Layout_Element))
#6 C:\wamp\www\magento-lite\app\code\core\Mage\Core\Model\Layout.php(206): Mage_Core_Model_Layout->generateBlocks(Object(Mage_Core_Model_Layout_Element))
#7 C:\wamp\www\magento-lite\app\code\core\Mage\Core\Controller\Varien\Action.php(344): Mage_Core_Model_Layout->generateBlocks()
#8 C:\wamp\www\magento-lite\app\code\community\Mage\Cms\Helper\Page.php(113): Mage_Core_Controller_Varien_Action->generateLayoutBlocks()
#9 C:\wamp\www\magento-lite\app\code\community\Mage\Cms\Helper\Page.php(52): Mage_Cms_Helper_Page->_renderPage(Object(Mage_Cms_IndexController), 'home')
#10 C:\wamp\www\magento-lite\app\code\core\Mage\Cms\controllers\IndexController.php(45): Mage_Cms_Helper_Page->renderPage(Object(Mage_Cms_IndexController), 'home')
#11 C:\wamp\www\magento-lite\app\code\core\Mage\Core\Controller\Varien\Action.php(418): Mage_Cms_IndexController->indexAction()
#12 C:\wamp\www\magento-lite\app\code\core\Mage\Core\Controller\Varien\Router\Standard.php(250): Mage_Core_Controller_Varien_Action->dispatch('index')
#13 C:\wamp\www\magento-lite\app\code\core\Mage\Core\Controller\Varien\Front.php(172): Mage_Core_Controller_Varien_Router_Standard->match(Object(Mage_Core_Controller_Request_Http))
#14 C:\wamp\www\magento-lite\app\code\core\Mage\Core\Model\App.php(354): Mage_Core_Controller_Varien_Front->dispatch()
#15 C:\wamp\www\magento-lite\app\Mage.php(684): Mage_Core_Model_App->run(Array)
#16 C:\wamp\www\magento-lite\index.php(87): Mage::run('', 'store')
#17 {main}
2015-01-03T17:19:47+00:00 ERR (3): 
exception 'Mage_Core_Exception' with message 'Invalid block type: Mage_Page_Block_Html_Qchat' in C:\wamp\www\magento-lite\app\Mage.php:595
Stack trace:
#0 C:\wamp\www\magento-lite\app\code\core\Mage\Core\Model\Layout.php(495): Mage::throwException('Invalid block t...')
#1 C:\wamp\www\magento-lite\app\code\core\Mage\Core\Model\Layout.php(437): Mage_Core_Model_Layout->_getBlockInstance('page/html_qchat', Array)
#2 C:\wamp\www\magento-lite\app\code\core\Mage\Core\Model\Layout.php(472): Mage_Core_Model_Layout->createBlock('page/html_qchat', 'qnav.chat')
#3 C:\wamp\www\magento-lite\app\code\core\Mage\Core\Model\Layout.php(239): Mage_Core_Model_Layout->addBlock('page/html_qchat', 'qnav.chat')
#4 C:\wamp\www\magento-lite\app\code\core\Mage\Core\Model\Layout.php(205): Mage_Core_Model_Layout->_generateBlock(Object(Mage_Core_Model_Layout_Element), Object(Mage_Core_Model_Layout_Element))
#5 C:\wamp\www\magento-lite\app\code\core\Mage\Core\Model\Layout.php(206): Mage_Core_Model_Layout->generateBlocks(Object(Mage_Core_Model_Layout_Element))
#6 C:\wamp\www\magento-lite\app\code\core\Mage\Core\Model\Layout.php(206): Mage_Core_Model_Layout->generateBlocks(Object(Mage_Core_Model_Layout_Element))
#7 C:\wamp\www\magento-lite\app\code\core\Mage\Core\Controller\Varien\Action.php(344): Mage_Core_Model_Layout->generateBlocks()
#8 C:\wamp\www\magento-lite\app\code\core\Mage\Core\Controller\Varien\Action.php(269): Mage_Core_Controller_Varien_Action->generateLayoutBlocks()
#9 C:\wamp\www\magento-lite\app\code\local\Account\User\controllers\IndexController.php(25): Mage_Core_Controller_Varien_Action->loadLayout()
#10 C:\wamp\www\magento-lite\app\code\core\Mage\Core\Controller\Varien\Action.php(418): Account_User_IndexController->profileAction()
#11 C:\wamp\www\magento-lite\app\code\core\Mage\Core\Controller\Varien\Router\Standard.php(250): Mage_Core_Controller_Varien_Action->dispatch('profile')
#12 C:\wamp\www\magento-lite\app\code\core\Mage\Core\Controller\Varien\Front.php(172): Mage_Core_Controller_Varien_Router_Standard->match(Object(Mage_Core_Controller_Request_Http))
#13 C:\wamp\www\magento-lite\app\code\core\Mage\Core\Model\App.php(354): Mage_Core_Controller_Varien_Front->dispatch()
#14 C:\wamp\www\magento-lite\app\Mage.php(684): Mage_Core_Model_App->run(Array)
#15 C:\wamp\www\magento-lite\index.php(87): Mage::run('', 'store')
#16 {main}
2015-01-03T17:36:38+00:00 ERR (3): 
exception 'Mage_Core_Exception' with message 'Invalid block type: Mage_Tag_Block_Popular' in C:\wamp\www\magento-lite\app\Mage.php:595
Stack trace:
#0 C:\wamp\www\magento-lite\app\code\core\Mage\Core\Model\Layout.php(495): Mage::throwException('Invalid block t...')
#1 C:\wamp\www\magento-lite\app\code\core\Mage\Core\Model\Layout.php(437): Mage_Core_Model_Layout->_getBlockInstance('tag/popular', Array)
#2 C:\wamp\www\magento-lite\app\design\frontend\infinity\default\template\page\html\home.phtml(1): Mage_Core_Model_Layout->createBlock('tag/popular')
#3 C:\wamp\www\magento-lite\app\code\core\Mage\Core\Block\Template.php(241): include('C:\\wamp\\www\\mag...')
#4 C:\wamp\www\magento-lite\app\code\core\Mage\Core\Block\Template.php(272): Mage_Core_Block_Template->fetchView('frontend\\infini...')
#5 C:\wamp\www\magento-lite\app\code\core\Mage\Core\Block\Template.php(286): Mage_Core_Block_Template->renderView()
#6 C:\wamp\www\magento-lite\app\code\core\Mage\Core\Block\Abstract.php(919): Mage_Core_Block_Template->_toHtml()
#7 C:\wamp\www\magento-lite\app\code\core\Mage\Core\Model\Email\Template\Filter.php(191): Mage_Core_Block_Abstract->toHtml()
#8 [internal function]: Mage_Core_Model_Email_Template_Filter->blockDirective(Array)
#9 C:\wamp\www\magento-lite\lib\Varien\Filter\Template.php(134): call_user_func(Array, Array)
#10 C:\wamp\www\magento-lite\app\code\core\Mage\Core\Model\Email\Template\Filter.php(504): Varien_Filter_Template->filter('{{block type="c...')
#11 C:\wamp\www\magento-lite\app\code\core\Mage\Cms\Block\Page.php(101): Mage_Core_Model_Email_Template_Filter->filter('{{block type="c...')
#12 C:\wamp\www\magento-lite\app\code\core\Mage\Core\Block\Abstract.php(919): Mage_Cms_Block_Page->_toHtml()
#13 C:\wamp\www\magento-lite\app\code\core\Mage\Core\Block\Abstract.php(637): Mage_Core_Block_Abstract->toHtml()
#14 C:\wamp\www\magento-lite\app\code\core\Mage\Core\Block\Abstract.php(577): Mage_Core_Block_Abstract->_getChildHtml('cms_page', true)
#15 C:\wamp\www\magento-lite\app\code\core\Mage\Page\Block\Html\Wrapper.php(52): Mage_Core_Block_Abstract->getChildHtml('', true, true)
#16 C:\wamp\www\magento-lite\app\code\core\Mage\Core\Block\Abstract.php(919): Mage_Page_Block_Html_Wrapper->_toHtml()
#17 C:\wamp\www\magento-lite\app\code\core\Mage\Core\Block\Text\List.php(43): Mage_Core_Block_Abstract->toHtml()
#18 C:\wamp\www\magento-lite\app\code\core\Mage\Core\Block\Abstract.php(919): Mage_Core_Block_Text_List->_toHtml()
#19 C:\wamp\www\magento-lite\app\code\core\Mage\Core\Block\Abstract.php(637): Mage_Core_Block_Abstract->toHtml()
#20 C:\wamp\www\magento-lite\app\code\core\Mage\Core\Block\Abstract.php(581): Mage_Core_Block_Abstract->_getChildHtml('content', true)
#21 C:\wamp\www\magento-lite\app\design\frontend\infinity\default\template\page\2columns-right.phtml(51): Mage_Core_Block_Abstract->getChildHtml('content')
#22 C:\wamp\www\magento-lite\app\code\core\Mage\Core\Block\Template.php(241): include('C:\\wamp\\www\\mag...')
#23 C:\wamp\www\magento-lite\app\code\core\Mage\Core\Block\Template.php(272): Mage_Core_Block_Template->fetchView('frontend\\infini...')
#24 C:\wamp\www\magento-lite\app\code\core\Mage\Core\Block\Template.php(286): Mage_Core_Block_Template->renderView()
#25 C:\wamp\www\magento-lite\app\code\core\Mage\Core\Block\Abstract.php(919): Mage_Core_Block_Template->_toHtml()
#26 C:\wamp\www\magento-lite\app\code\core\Mage\Core\Model\Layout.php(555): Mage_Core_Block_Abstract->toHtml()
#27 C:\wamp\www\magento-lite\app\code\core\Mage\Core\Controller\Varien\Action.php(390): Mage_Core_Model_Layout->getOutput()
#28 C:\wamp\www\magento-lite\app\code\community\Mage\Cms\Helper\Page.php(138): Mage_Core_Controller_Varien_Action->renderLayout()
#29 C:\wamp\www\magento-lite\app\code\community\Mage\Cms\Helper\Page.php(52): Mage_Cms_Helper_Page->_renderPage(Object(Mage_Cms_IndexController), 'home')
#30 C:\wamp\www\magento-lite\app\code\core\Mage\Cms\controllers\IndexController.php(45): Mage_Cms_Helper_Page->renderPage(Object(Mage_Cms_IndexController), 'home')
#31 C:\wamp\www\magento-lite\app\code\core\Mage\Core\Controller\Varien\Action.php(418): Mage_Cms_IndexController->indexAction()
#32 C:\wamp\www\magento-lite\app\code\core\Mage\Core\Controller\Varien\Router\Standard.php(250): Mage_Core_Controller_Varien_Action->dispatch('index')
#33 C:\wamp\www\magento-lite\app\code\core\Mage\Core\Controller\Varien\Front.php(172): Mage_Core_Controller_Varien_Router_Standard->match(Object(Mage_Core_Controller_Request_Http))
#34 C:\wamp\www\magento-lite\app\code\core\Mage\Core\Model\App.php(354): Mage_Core_Controller_Varien_Front->dispatch()
#35 C:\wamp\www\magento-lite\app\Mage.php(684): Mage_Core_Model_App->run(Array)
#36 C:\wamp\www\magento-lite\index.php(87): Mage::run('', 'store')
#37 {main}
2015-01-03T17:50:32+00:00 ERR (3): 
exception 'Mage_Core_Exception' with message 'Invalid block type: Mage_Tag_Block_Popular' in C:\wamp\www\magento-lite\app\Mage.php:595
Stack trace:
#0 C:\wamp\www\magento-lite\app\code\core\Mage\Core\Model\Layout.php(495): Mage::throwException('Invalid block t...')
#1 C:\wamp\www\magento-lite\app\code\core\Mage\Core\Model\Layout.php(437): Mage_Core_Model_Layout->_getBlockInstance('tag/popular', Array)
#2 C:\wamp\www\magento-lite\app\design\frontend\infinity\default\template\page\html\home.phtml(1): Mage_Core_Model_Layout->createBlock('tag/popular')
#3 C:\wamp\www\magento-lite\app\code\core\Mage\Core\Block\Template.php(241): include('C:\\wamp\\www\\mag...')
#4 C:\wamp\www\magento-lite\app\code\core\Mage\Core\Block\Template.php(272): Mage_Core_Block_Template->fetchView('frontend\\infini...')
#5 C:\wamp\www\magento-lite\app\code\core\Mage\Core\Block\Template.php(286): Mage_Core_Block_Template->renderView()
#6 C:\wamp\www\magento-lite\app\code\core\Mage\Core\Block\Abstract.php(919): Mage_Core_Block_Template->_toHtml()
#7 C:\wamp\www\magento-lite\app\code\core\Mage\Core\Model\Email\Template\Filter.php(191): Mage_Core_Block_Abstract->toHtml()
#8 [internal function]: Mage_Core_Model_Email_Template_Filter->blockDirective(Array)
#9 C:\wamp\www\magento-lite\lib\Varien\Filter\Template.php(134): call_user_func(Array, Array)
#10 C:\wamp\www\magento-lite\app\code\core\Mage\Core\Model\Email\Template\Filter.php(504): Varien_Filter_Template->filter('{{block type="c...')
#11 C:\wamp\www\magento-lite\app\code\core\Mage\Cms\Block\Page.php(101): Mage_Core_Model_Email_Template_Filter->filter('{{block type="c...')
#12 C:\wamp\www\magento-lite\app\code\core\Mage\Core\Block\Abstract.php(919): Mage_Cms_Block_Page->_toHtml()
#13 C:\wamp\www\magento-lite\app\code\core\Mage\Core\Block\Abstract.php(637): Mage_Core_Block_Abstract->toHtml()
#14 C:\wamp\www\magento-lite\app\code\core\Mage\Core\Block\Abstract.php(577): Mage_Core_Block_Abstract->_getChildHtml('cms_page', true)
#15 C:\wamp\www\magento-lite\app\code\core\Mage\Page\Block\Html\Wrapper.php(52): Mage_Core_Block_Abstract->getChildHtml('', true, true)
#16 C:\wamp\www\magento-lite\app\code\core\Mage\Core\Block\Abstract.php(919): Mage_Page_Block_Html_Wrapper->_toHtml()
#17 C:\wamp\www\magento-lite\app\code\core\Mage\Core\Block\Text\List.php(43): Mage_Core_Block_Abstract->toHtml()
#18 C:\wamp\www\magento-lite\app\code\core\Mage\Core\Block\Abstract.php(919): Mage_Core_Block_Text_List->_toHtml()
#19 C:\wamp\www\magento-lite\app\code\core\Mage\Core\Block\Abstract.php(637): Mage_Core_Block_Abstract->toHtml()
#20 C:\wamp\www\magento-lite\app\code\core\Mage\Core\Block\Abstract.php(581): Mage_Core_Block_Abstract->_getChildHtml('content', true)
#21 C:\wamp\www\magento-lite\app\design\frontend\infinity\default\template\page\2columns-right.phtml(51): Mage_Core_Block_Abstract->getChildHtml('content')
#22 C:\wamp\www\magento-lite\app\code\core\Mage\Core\Block\Template.php(241): include('C:\\wamp\\www\\mag...')
#23 C:\wamp\www\magento-lite\app\code\core\Mage\Core\Block\Template.php(272): Mage_Core_Block_Template->fetchView('frontend\\infini...')
#24 C:\wamp\www\magento-lite\app\code\core\Mage\Core\Block\Template.php(286): Mage_Core_Block_Template->renderView()
#25 C:\wamp\www\magento-lite\app\code\core\Mage\Core\Block\Abstract.php(919): Mage_Core_Block_Template->_toHtml()
#26 C:\wamp\www\magento-lite\app\code\core\Mage\Core\Model\Layout.php(555): Mage_Core_Block_Abstract->toHtml()
#27 C:\wamp\www\magento-lite\app\code\core\Mage\Core\Controller\Varien\Action.php(390): Mage_Core_Model_Layout->getOutput()
#28 C:\wamp\www\magento-lite\app\code\community\Mage\Cms\Helper\Page.php(138): Mage_Core_Controller_Varien_Action->renderLayout()
#29 C:\wamp\www\magento-lite\app\code\community\Mage\Cms\Helper\Page.php(52): Mage_Cms_Helper_Page->_renderPage(Object(Mage_Cms_IndexController), 'home')
#30 C:\wamp\www\magento-lite\app\code\core\Mage\Cms\controllers\IndexController.php(45): Mage_Cms_Helper_Page->renderPage(Object(Mage_Cms_IndexController), 'home')
#31 C:\wamp\www\magento-lite\app\code\core\Mage\Core\Controller\Varien\Action.php(418): Mage_Cms_IndexController->indexAction()
#32 C:\wamp\www\magento-lite\app\code\core\Mage\Core\Controller\Varien\Router\Standard.php(250): Mage_Core_Controller_Varien_Action->dispatch('index')
#33 C:\wamp\www\magento-lite\app\code\core\Mage\Core\Controller\Varien\Front.php(172): Mage_Core_Controller_Varien_Router_Standard->match(Object(Mage_Core_Controller_Request_Http))
#34 C:\wamp\www\magento-lite\app\code\core\Mage\Core\Model\App.php(354): Mage_Core_Controller_Varien_Front->dispatch()
#35 C:\wamp\www\magento-lite\app\Mage.php(684): Mage_Core_Model_App->run(Array)
#36 C:\wamp\www\magento-lite\index.php(87): Mage::run('', 'store')
#37 {main}
